[0.101s] Invoking command in '/home/cyber/ros2_ws/build/data_processor': CMAKE_PREFIX_PATH=${CMAKE_PREFIX_PATH}:/home/cyber/ros2_ws/install/plot_sensor_data:/opt/ros/humble /usr/bin/cmake --build /home/cyber/ros2_ws/build/data_processor -- -j4 -l4
[0.805s] -- Found ament_cmake: 1.3.9 (/opt/ros/humble/share/ament_cmake/cmake)
[1.363s] -- Found rclcpp: 16.0.9 (/opt/ros/humble/share/rclcpp/cmake)
[1.575s] -- Found rosidl_generator_c: 3.1.5 (/opt/ros/humble/share/rosidl_generator_c/cmake)
[1.601s] -- Found rosidl_adapter: 3.1.5 (/opt/ros/humble/share/rosidl_adapter/cmake)
[1.614s] -- Found rosidl_generator_cpp: 3.1.5 (/opt/ros/humble/share/rosidl_generator_cpp/cmake)
[1.683s] -- Using all available rosidl_typesupport_c: rosidl_typesupport_fastrtps_c;rosidl_typesupport_introspection_c
[1.764s] -- Using all available rosidl_typesupport_cpp: rosidl_typesupport_fastrtps_cpp;rosidl_typesupport_introspection_cpp
[2.119s] -- Found rmw_implementation_cmake: 6.1.2 (/opt/ros/humble/share/rmw_implementation_cmake/cmake)
[2.220s] -- Found rmw_fastrtps_cpp: 6.2.6 (/opt/ros/humble/share/rmw_fastrtps_cpp/cmake)
[2.812s] -- Using RMW implementation 'rmw_fastrtps_cpp' as default
[3.284s] -- Found sensor_msgs: 4.2.4 (/opt/ros/humble/share/sensor_msgs/cmake)
[3.539s] -- Found rclpy: 3.3.13 (/opt/ros/humble/share/rclpy/cmake)
[3.544s] -- Found ament_lint_auto: 0.12.11 (/opt/ros/humble/share/ament_lint_auto/cmake)
[3.762s] -- Added test 'cppcheck' to perform static code analysis on C / C++ code
[3.762s] -- Configured cppcheck include dirs: 
[3.763s] -- Configured cppcheck exclude dirs and/or files: 
[3.765s] -- Added test 'flake8' to check Python code syntax and style conventions
[3.766s] -- Added test 'lint_cmake' to check CMake code style
[3.767s] -- Added test 'pep257' to check Python code against some of the docstring style conventions in PEP 257
[3.768s] -- Added test 'uncrustify' to check C / C++ code style
[3.768s] -- Configured uncrustify additional arguments: 
[3.769s] -- Added test 'xmllint' to check XML markup files
[3.771s] -- Configuring done
[3.858s] -- Generating done
[3.860s] -- Build files have been written to: /home/cyber/ros2_ws/build/data_processor
[3.918s] [35m[1mConsolidate compiler generated dependencies of target sensor_subscriber[0m
[3.946s] [ 50%] [32mBuilding CXX object CMakeFiles/sensor_subscriber.dir/src/sensor_subscriber.cpp.o[0m
[3.957s] [01m[K/home/cyber/ros2_ws/src/data_processor/src/sensor_subscriber.cpp:11:10:[m[K [01;31m[Kfatal error: [m[Kdata_processor/sensor_subscriber.hpp: No such file or directory
[3.957s]    11 | #include [01;31m[K"data_processor/sensor_subscriber.hpp"[m[K
[3.957s]       |          [01;31m[K^~~~~~~~~~~~~~~~~~~~~~~~~~~~~~~~~~~~~~[m[K
[3.957s] compilation terminated.
[3.971s] gmake[2]: *** [CMakeFiles/sensor_subscriber.dir/build.make:76: CMakeFiles/sensor_subscriber.dir/src/sensor_subscriber.cpp.o] Error 1
[3.972s] gmake[1]: *** [CMakeFiles/Makefile2:137: CMakeFiles/sensor_subscriber.dir/all] Error 2
[3.972s] gmake: *** [Makefile:146: all] Error 2
[3.975s] Invoked command in '/home/cyber/ros2_ws/build/data_processor' returned '2': CMAKE_PREFIX_PATH=${CMAKE_PREFIX_PATH}:/home/cyber/ros2_ws/install/plot_sensor_data:/opt/ros/humble /usr/bin/cmake --build /home/cyber/ros2_ws/build/data_processor -- -j4 -l4
