[0.009s] Invoking command in '/home/cyber/ros2_ws/build/sensor_package': CMAKE_PREFIX_PATH=${CMAKE_PREFIX_PATH}:/opt/ros/humble /usr/bin/cmake --build /home/cyber/ros2_ws/build/sensor_package -- -j4 -l4
[0.269s] [35m[1mConsolidate compiler generated dependencies of target humidity_publisher[0m
[0.270s] [35m[1mConsolidate compiler generated dependencies of target temperature_publisher[0m
[0.270s] [35m[1mConsolidate compiler generated dependencies of target pressure_publisher[0m
[0.279s] [ 16%] [32mBuilding CXX object CMakeFiles/temperature_publisher.dir/src/temperature_publisher.cpp.o[0m
[0.280s] [ 33%] [32m[1mLinking CXX executable humidity_publisher[0m
[0.288s] [ 66%] Built target pressure_publisher
[0.335s] /usr/bin/ld: /usr/lib/gcc/x86_64-linux-gnu/11/../../../x86_64-linux-gnu/Scrt1.o: in function `_start':
[0.335s] (.text+0x1b): undefined reference to `main'
[0.337s] collect2: error: ld returned 1 exit status
[0.339s] gmake[2]: *** [CMakeFiles/humidity_publisher.dir/build.make:175: humidity_publisher] Error 1
[0.339s] gmake[1]: *** [CMakeFiles/Makefile2:193: CMakeFiles/humidity_publisher.dir/all] Error 2
[0.339s] gmake[1]: *** Waiting for unfinished jobs....
[3.696s] [ 83%] [32m[1mLinking CXX executable temperature_publisher[0m
[3.877s] [ 83%] Built target temperature_publisher
[3.878s] gmake: *** [Makefile:146: all] Error 2
[3.879s] Invoked command in '/home/cyber/ros2_ws/build/sensor_package' returned '2': CMAKE_PREFIX_PATH=${CMAKE_PREFIX_PATH}:/opt/ros/humble /usr/bin/cmake --build /home/cyber/ros2_ws/build/sensor_package -- -j4 -l4
