[0.048s] Invoking command in '/home/cyber/ros2_ws/build/data_processor': CMAKE_PREFIX_PATH=/opt/ros/humble /usr/bin/cmake --build /home/cyber/ros2_ws/build/data_processor -- -j4 -l4
[0.375s] -- Found ament_cmake: 1.3.9 (/opt/ros/humble/share/ament_cmake/cmake)
[0.822s] -- Found rclcpp: 16.0.9 (/opt/ros/humble/share/rclcpp/cmake)
[1.308s] -- Found rosidl_generator_c: 3.1.5 (/opt/ros/humble/share/rosidl_generator_c/cmake)
[1.341s] -- Found rosidl_adapter: 3.1.5 (/opt/ros/humble/share/rosidl_adapter/cmake)
[1.358s] -- Found rosidl_generator_cpp: 3.1.5 (/opt/ros/humble/share/rosidl_generator_cpp/cmake)
[1.400s] -- Using all available rosidl_typesupport_c: rosidl_typesupport_fastrtps_c;rosidl_typesupport_introspection_c
[1.435s] -- Using all available rosidl_typesupport_cpp: rosidl_typesupport_fastrtps_cpp;rosidl_typesupport_introspection_cpp
[1.545s] -- Found rmw_implementation_cmake: 6.1.2 (/opt/ros/humble/share/rmw_implementation_cmake/cmake)
[1.557s] -- Found rmw_fastrtps_cpp: 6.2.6 (/opt/ros/humble/share/rmw_fastrtps_cpp/cmake)
[1.993s] -- Found OpenSSL: /usr/lib/x86_64-linux-gnu/libcrypto.so (found version "3.0.2")  
[2.039s] -- Found FastRTPS: /opt/ros/humble/include  
[2.073s] -- Using RMW implementation 'rmw_fastrtps_cpp' as default
[2.165s] -- Looking for pthread.h
[2.993s] -- Looking for pthread.h - found
[2.993s] -- Performing Test CMAKE_HAVE_LIBC_PTHREAD
[3.059s] -- Performing Test CMAKE_HAVE_LIBC_PTHREAD - Success
[3.060s] -- Found Threads: TRUE  
[3.339s] -- Found sensor_msgs: 4.2.4 (/opt/ros/humble/share/sensor_msgs/cmake)
[3.508s] -- Found rclpy: 3.3.13 (/opt/ros/humble/share/rclpy/cmake)
[3.510s] -- Found ament_lint_auto: 0.12.11 (/opt/ros/humble/share/ament_lint_auto/cmake)
[3.568s] -- Added test 'cppcheck' to perform static code analysis on C / C++ code
[3.568s] -- Configured cppcheck include dirs: 
[3.568s] -- Configured cppcheck exclude dirs and/or files: 
[3.568s] -- Added test 'flake8' to check Python code syntax and style conventions
[3.568s] -- Added test 'lint_cmake' to check CMake code style
[3.568s] -- Added test 'pep257' to check Python code against some of the docstring style conventions in PEP 257
[3.569s] -- Added test 'uncrustify' to check C / C++ code style
[3.569s] -- Configured uncrustify additional arguments: 
[3.569s] -- Added test 'xmllint' to check XML markup files
[3.570s] -- Configuring done
[3.614s] -- Generating done
[3.617s] -- Build files have been written to: /home/cyber/ros2_ws/build/data_processor
[3.648s] [ 50%] [32mBuilding CXX object CMakeFiles/sensor_subscriber.dir/src/sensor_subscriber.cpp.o[0m
[3.951s] [100%] [32m[1mLinking CXX executable sensor_subscriber[0m
[4.565s] /usr/bin/ld: /usr/lib/gcc/x86_64-linux-gnu/11/../../../x86_64-linux-gnu/Scrt1.o: in function `_start':
[4.565s] (.text+0x1b): undefined reference to `main'
[4.566s] collect2: error: ld returned 1 exit status
[4.567s] gmake[2]: *** [CMakeFiles/sensor_subscriber.dir/build.make:175: sensor_subscriber] Error 1
[4.567s] gmake[1]: *** [CMakeFiles/Makefile2:137: CMakeFiles/sensor_subscriber.dir/all] Error 2
[4.568s] gmake: *** [Makefile:146: all] Error 2
[4.569s] Invoked command in '/home/cyber/ros2_ws/build/data_processor' returned '2': CMAKE_PREFIX_PATH=/opt/ros/humble /usr/bin/cmake --build /home/cyber/ros2_ws/build/data_processor -- -j4 -l4
