[01m[K/home/cyber/ros2_ws/src/sensor_package/src/humidity_publisher.cpp:13:10:[m[K [01;31m[Kfatal error: [m[Khumidity_publisher.hpp: No such file or directory
   13 | #include [01;31m[K"humidity_publisher.hpp"[m[K
      |          [01;31m[K^~~~~~~~~~~~~~~~~~~~~~~~[m[K
compilation terminated.
gmake[2]: *** [CMakeFiles/humidity_publisher.dir/build.make:76: CMakeFiles/humidity_publisher.dir/src/humidity_publisher.cpp.o] Error 1
gmake[1]: *** [CMakeFiles/Makefile2:193: CMakeFiles/humidity_publisher.dir/all] Error 2
gmake: *** [Makefile:146: all] Error 2
