[0.349s] Invoking command in '/home/cyber/ros2_ws/build/sensor_package': CMAKE_PREFIX_PATH=${CMAKE_PREFIX_PATH}:/home/cyber/ros2_ws/install/plot_sensor_data:/opt/ros/humble /usr/bin/cmake --build /home/cyber/ros2_ws/build/sensor_package -- -j4 -l4
[0.491s] [ 33%] Built target pressure_publisher
[0.500s] [ 66%] Built target temperature_publisher
[0.516s] [ 83%] [32mBuilding CXX object CMakeFiles/humidity_publisher.dir/src/humidity_publisher.cpp.o[0m
[0.540s] [01m[K/home/cyber/ros2_ws/src/sensor_package/src/humidity_publisher.cpp:13:10:[m[K [01;31m[Kfatal error: [m[Khumidity_publisher.hpp: No such file or directory
[0.540s]    13 | #include [01;31m[K"humidity_publisher.hpp"[m[K
[0.540s]       |          [01;31m[K^~~~~~~~~~~~~~~~~~~~~~~~[m[K
[0.540s] compilation terminated.
[0.540s] gmake[2]: *** [CMakeFiles/humidity_publisher.dir/build.make:76: CMakeFiles/humidity_publisher.dir/src/humidity_publisher.cpp.o] Error 1
[0.541s] gmake[1]: *** [CMakeFiles/Makefile2:193: CMakeFiles/humidity_publisher.dir/all] Error 2
[0.541s] gmake: *** [Makefile:146: all] Error 2
[0.559s] Invoked command in '/home/cyber/ros2_ws/build/sensor_package' returned '2': CMAKE_PREFIX_PATH=${CMAKE_PREFIX_PATH}:/home/cyber/ros2_ws/install/plot_sensor_data:/opt/ros/humble /usr/bin/cmake --build /home/cyber/ros2_ws/build/sensor_package -- -j4 -l4
