[0.011s] Invoking command in '/home/cyber/ros2_ws/build/sensor_package': CMAKE_PREFIX_PATH=${CMAKE_PREFIX_PATH}:/opt/ros/humble /usr/bin/cmake --build /home/cyber/ros2_ws/build/sensor_package -- -j4 -l4
[0.043s] [35m[1mConsolidate compiler generated dependencies of target temperature_publisher[0m
[0.053s] [ 16%] [32m[1mLinking CXX executable humidity_publisher[0m
[0.060s] [ 50%] Built target pressure_publisher
[0.066s] [ 66%] [32mBuilding CXX object CMakeFiles/temperature_publisher.dir/src/temperature_publisher.cpp.o[0m
[0.120s] /usr/bin/ld: /usr/lib/gcc/x86_64-linux-gnu/11/../../../x86_64-linux-gnu/Scrt1.o: in function `_start':
[0.121s] (.text+0x1b): undefined reference to `main'
[0.122s] collect2: error: ld returned 1 exit status
[0.123s] gmake[2]: *** [CMakeFiles/humidity_publisher.dir/build.make:175: humidity_publisher] Error 1
[0.124s] gmake[1]: *** [CMakeFiles/Makefile2:193: CMakeFiles/humidity_publisher.dir/all] Error 2
[0.124s] gmake[1]: *** Waiting for unfinished jobs....
[3.247s] [ 83%] [32m[1mLinking CXX executable temperature_publisher[0m
[3.404s] [ 83%] Built target temperature_publisher
[3.405s] gmake: *** [Makefile:146: all] Error 2
[3.407s] Invoked command in '/home/cyber/ros2_ws/build/sensor_package' returned '2': CMAKE_PREFIX_PATH=${CMAKE_PREFIX_PATH}:/opt/ros/humble /usr/bin/cmake --build /home/cyber/ros2_ws/build/sensor_package -- -j4 -l4
